# JRE version: OpenJDK Runtime Environment Corretto-11.0.9.11.1 (11.0.9+11) (build 11.0.9+11-LTS)
# Java VM: OpenJDK 64-Bit Server VM Corretto-11.0.9.11.1 (11.0.9+11-LTS, mixed mode, tiered, compressed oops, serial gc, linux-amd64)
Heap:
 def new generation   total 12992K, used 517K [0x00000000f0a00000, 0x00000000f1810000, 0x00000000f5c00000)
  eden space 11584K,   4% used [0x00000000f0a00000, 0x00000000f0a815d8, 0x00000000f1550000)
  from space 1408K,   0% used [0x00000000f1550000, 0x00000000f1550000, 0x00000000f16b0000)
  to   space 1408K,   0% used [0x00000000f16b0000, 0x00000000f16b0000, 0x00000000f1810000)
 tenured generation   total 30044K, used 30044K [0x00000000f5c00000, 0x00000000f7957000, 0x0000000100000000)
   the space 30044K, 100% used [0x00000000f5c00000, 0x00000000f7957000, 0x00000000f7957000, 0x00000000f7957000)
 Metaspace       used 50740K, capacity 52349K, committed 52608K, reserved 1095680K
  class space    used 6386K, capacity 7022K, committed 7040K, reserved 1048576K
GC Heap History (20 events):
Event: 10.623 GC heap after
{Heap after GC invocations=57 (full 2):
 def new generation   total 12992K, used 526K [0x00000000f0a00000, 0x00000000f1810000, 0x00000000f5c00000)
  eden space 11584K,   0% used [0x00000000f0a00000, 0x00000000f0a00000, 0x00000000f1550000)
  from space 1408K,  37% used [0x00000000f1550000, 0x00000000f15d3810, 0x00000000f16b0000)
  to   space 1408K,   0% used [0x00000000f16b0000, 0x00000000f16b0000, 0x00000000f1810000)
 tenured generation   total 28700K, used 23127K [0x00000000f5c00000, 0x00000000f7807000, 0x0000000100000000)
   the space 28700K,  80% used [0x00000000f5c00000, 0x00000000f7295c08, 0x00000000f7295e00, 0x00000000f7807000)
 Metaspace       used 45089K, capacity 46512K, committed 46720K, reserved 1089536K
  class space    used 5645K, capacity 6216K, committed 6272K, reserved 1048576K
}
Event: 10.791 GC heap before
{Heap before GC invocations=57 (full 2):
 def new generation   total 12992K, used 12110K [0x00000000f0a00000, 0x00000000f1810000, 0x00000000f5c00000)
  eden space 11584K, 100% used [0x00000000f0a00000, 0x00000000f1550000, 0x00000000f1550000)
  from space 1408K,  37% used [0x00000000f1550000, 0x00000000f15d3810, 0x00000000f16b0000)
  to   space 1408K,   0% used [0x00000000f16b0000, 0x00000000f16b0000, 0x00000000f1810000)
 tenured generation   total 28700K, used 23127K [0x00000000f5c00000, 0x00000000f7807000, 0x0000000100000000)
   the space 28700K,  80% used [0x00000000f5c00000, 0x00000000f7295c08, 0x00000000f7295e00, 0x00000000f7807000)
 Metaspace       used 45344K, capacity 46872K, committed 46976K, reserved 1089536K
  class space    used 5677K, capacity 6272K, committed 6272K, reserved 1048576K
}
Event: 10.795 GC heap after
{Heap after GC invocations=58 (full 2):
 def new generation   total 12992K, used 1069K [0x00000000f0a00000, 0x00000000f1810000, 0x00000000f5c00000)
  eden space 11584K,   0% used [0x00000000f0a00000, 0x00000000f0a00000, 0x00000000f1550000)
  from space 1408K,  75% used [0x00000000f16b0000, 0x00000000f17bb6d0, 0x00000000f1810000)
  to   space 1408K,   0% used [0x00000000f1550000, 0x00000000f1550000, 0x00000000f16b0000)
 tenured generation   total 28700K, used 23127K [0x00000000f5c00000, 0x00000000f7807000, 0x0000000100000000)
   the space 28700K,  80% used [0x00000000f5c00000, 0x00000000f7295c08, 0x00000000f7295e00, 0x00000000f7807000)
 Metaspace       used 45344K, capacity 46872K, committed 46976K, reserved 1089536K
  class space    used 5677K, capacity 6272K, committed 6272K, reserved 1048576K
}
Event: 10.953 GC heap before
{Heap before GC invocations=58 (full 2):
 def new generation   total 12992K, used 12653K [0x00000000f0a00000, 0x00000000f1810000, 0x00000000f5c00000)
  eden space 11584K, 100% used [0x00000000f0a00000, 0x00000000f1550000, 0x00000000f1550000)
  from space 1408K,  75% used [0x00000000f16b0000, 0x00000000f17bb6d0, 0x00000000f1810000)
  to   space 1408K,   0% used [0x00000000f1550000, 0x00000000f1550000, 0x00000000f16b0000)
 tenured generation   total 28700K, used 23127K [0x00000000f5c00000, 0x00000000f7807000, 0x0000000100000000)
   the space 28700K,  80% used [0x00000000f5c00000, 0x00000000f7295c08, 0x00000000f7295e00, 0x00000000f7807000)
 Metaspace       used 45468K, capacity 46944K, committed 47104K, reserved 1089536K
  class space    used 5696K, capacity 6273K, committed 6400K, reserved 1048576K
}
Event: 10.959 GC heap after
{Heap after GC invocations=59 (full 2):
 def new generation   total 12992K, used 979K [0x00000000f0a00000, 0x00000000f1810000, 0x00000000f5c00000)
  eden space 11584K,   0% used [0x00000000f0a00000, 0x00000000f0a00000, 0x00000000f1550000)
  from space 1408K,  69% used [0x00000000f1550000, 0x00000000f1644c00, 0x00000000f16b0000)
  to   space 1408K,   0% used [0x00000000f16b0000, 0x00000000f16b0000, 0x00000000f1810000)
 tenured generation   total 28700K, used 23646K [0x00000000f5c00000, 0x00000000f7807000, 0x0000000100000000)
   the space 28700K,  82% used [0x00000000f5c00000, 0x00000000f7317898, 0x00000000f7317a00, 0x00000000f7807000)
 Metaspace       used 45468K, capacity 46944K, committed 47104K, reserved 1089536K
  class space    used 5696K, capacity 6273K, committed 6400K, reserved 1048576K
}
Event: 11.172 GC heap before
{Heap before GC invocations=59 (full 2):
 def new generation   total 12992K, used 12563K [0x00000000f0a00000, 0x00000000f1810000, 0x00000000f5c00000)
  eden space 11584K, 100% used [0x00000000f0a00000, 0x00000000f1550000, 0x00000000f1550000)
  from space 1408K,  69% used [0x00000000f1550000, 0x00000000f1644c00, 0x00000000f16b0000)
  to   space 1408K,   0% used [0x00000000f16b0000, 0x00000000f16b0000, 0x00000000f1810000)
 tenured generation   total 28700K, used 23646K [0x00000000f5c00000, 0x00000000f7807000, 0x0000000100000000)
   the space 28700K,  82% used [0x00000000f5c00000, 0x00000000f7317898, 0x00000000f7317a00, 0x00000000f7807000)
 Metaspace       used 45605K, capacity 47047K, committed 47360K, reserved 1089536K
  class space    used 5713K, capacity 6284K, committed 6400K, reserved 1048576K
}
Event: 11.181 GC heap after
{Heap after GC invocations=60 (full 2):
 def new generation   total 12992K, used 1123K [0x00000000f0a00000, 0x00000000f1810000, 0x00000000f5c00000)
  eden space 11584K,   0% used [0x00000000f0a00000, 0x00000000f0a00000, 0x00000000f1550000)
  from space 1408K,  79% used [0x00000000f16b0000, 0x00000000f17c8e18, 0x00000000f1810000)
  to   space 1408K,   0% used [0x00000000f1550000, 0x00000000f1550000, 0x00000000f16b0000)
 tenured generation   total 28700K, used 24150K [0x00000000f5c00000, 0x00000000f7807000, 0x0000000100000000)
   the space 28700K,  84% used [0x00000000f5c00000, 0x00000000f73959a0, 0x00000000f7395a00, 0x00000000f7807000)
 Metaspace       used 45605K, capacity 47047K, committed 47360K, reserved 1089536K
  class space    used 5713K, capacity 6284K, committed 6400K, reserved 1048576K
}
Event: 11.391 GC heap before
{Heap before GC invocations=60 (full 2):
 def new generation   total 12992K, used 12707K [0x00000000f0a00000, 0x00000000f1810000, 0x00000000f5c00000)
  eden space 11584K, 100% used [0x00000000f0a00000, 0x00000000f1550000, 0x00000000f1550000)
  from space 1408K,  79% used [0x00000000f16b0000, 0x00000000f17c8e18, 0x00000000f1810000)
  to   space 1408K,   0% used [0x00000000f1550000, 0x00000000f1550000, 0x00000000f16b0000)
 tenured generation   total 28700K, used 24150K [0x00000000f5c00000, 0x00000000f7807000, 0x0000000100000000)
   the space 28700K,  84% used [0x00000000f5c00000, 0x00000000f73959a0, 0x00000000f7395a00, 0x00000000f7807000)
 Metaspace       used 45858K, capacity 47318K, committed 47616K, reserved 1091584K
  class space    used 5754K, capacity 6333K, committed 6400K, reserved 1048576K
}
Event: 11.403 GC heap after
{Heap after GC invocations=61 (full 2):
 def new generation   total 12992K, used 1378K [0x00000000f0a00000, 0x00000000f1810000, 0x00000000f5c00000)
  eden space 11584K,   0% used [0x00000000f0a00000, 0x00000000f0a00000, 0x00000000f1550000)
  from space 1408K,  97% used [0x00000000f1550000, 0x00000000f16a8868, 0x00000000f16b0000)
  to   space 1408K,   0% used [0x00000000f16b0000, 0x00000000f16b0000, 0x00000000f1810000)
 tenured generation   total 28700K, used 24612K [0x00000000f5c00000, 0x00000000f7807000, 0x0000000100000000)
   the space 28700K,  85% used [0x00000000f5c00000, 0x00000000f7409008, 0x00000000f7409200, 0x00000000f7807000)
 Metaspace       used 45858K, capacity 47318K, committed 47616K, reserved 1091584K
  class space    used 5754K, capacity 6333K, committed 6400K, reserved 1048576K
}
Event: 11.743 GC heap before
{Heap before GC invocations=61 (full 2):
 def new generation   total 12992K, used 12962K [0x00000000f0a00000, 0x00000000f1810000, 0x00000000f5c00000)
  eden space 11584K, 100% used [0x00000000f0a00000, 0x00000000f1550000, 0x00000000f1550000)
  from space 1408K,  97% used [0x00000000f1550000, 0x00000000f16a8868, 0x00000000f16b0000)
  to   space 1408K,   0% used [0x00000000f16b0000, 0x00000000f16b0000, 0x00000000f1810000)
 tenured generation   total 28700K, used 24612K [0x00000000f5c00000, 0x00000000f7807000, 0x0000000100000000)
   the space 28700K,  85% used [0x00000000f5c00000, 0x00000000f7409008, 0x00000000f7409200, 0x00000000f7807000)
 Metaspace       used 46632K, capacity 48146K, committed 48256K, reserved 1091584K
  class space    used 5869K, capacity 6481K, committed 6528K, reserved 1048576K
}
Event: 11.771 GC heap after
{Heap after GC invocations=62 (full 2):
 def new generation   total 12992K, used 595K [0x00000000f0a00000, 0x00000000f1810000, 0x00000000f5c00000)
  eden space 11584K,   0% used [0x00000000f0a00000, 0x00000000f0a00000, 0x00000000f1550000)
  from space 1408K,  42% used [0x00000000f16b0000, 0x00000000f1744fd8, 0x00000000f1810000)
  to   space 1408K,   0% used [0x00000000f1550000, 0x00000000f1550000, 0x00000000f16b0000)
 tenured generation   total 28700K, used 25981K [0x00000000f5c00000, 0x00000000f7807000, 0x0000000100000000)
   the space 28700K,  90% used [0x00000000f5c00000, 0x00000000f755f7d0, 0x00000000f755f800, 0x00000000f7807000)
 Metaspace       used 46632K, capacity 48146K, committed 48256K, reserved 1091584K
  class space    used 5869K, capacity 6481K, committed 6528K, reserved 1048576K
}
Event: 12.145 GC heap before
{Heap before GC invocations=62 (full 2):
 def new generation   total 12992K, used 12179K [0x00000000f0a00000, 0x00000000f1810000, 0x00000000f5c00000)
  eden space 11584K, 100% used [0x00000000f0a00000, 0x00000000f1550000, 0x00000000f1550000)
  from space 1408K,  42% used [0x00000000f16b0000, 0x00000000f1744fd8, 0x00000000f1810000)
  to   space 1408K,   0% used [0x00000000f1550000, 0x00000000f1550000, 0x00000000f16b0000)
 tenured generation   total 28700K, used 25981K [0x00000000f5c00000, 0x00000000f7807000, 0x0000000100000000)
   the space 28700K,  90% used [0x00000000f5c00000, 0x00000000f755f7d0, 0x00000000f755f800, 0x00000000f7807000)
 Metaspace       used 47694K, capacity 49268K, committed 49408K, reserved 1091584K
  class space    used 5988K, capacity 6641K, committed 6656K, reserved 1048576K
}
Event: 12.168 GC heap after
{Heap after GC invocations=63 (full 2):
 def new generation   total 12992K, used 1408K [0x00000000f0a00000, 0x00000000f1810000, 0x00000000f5c00000)
  eden space 11584K,   0% used [0x00000000f0a00000, 0x00000000f0a00000, 0x00000000f1550000)
  from space 1408K, 100% used [0x00000000f1550000, 0x00000000f16b0000, 0x00000000f16b0000)
  to   space 1408K,   0% used [0x00000000f16b0000, 0x00000000f16b0000, 0x00000000f1810000)
 tenured generation   total 28700K, used 26164K [0x00000000f5c00000, 0x00000000f7807000, 0x0000000100000000)
   the space 28700K,  91% used [0x00000000f5c00000, 0x00000000f758d3a0, 0x00000000f758d400, 0x00000000f7807000)
 Metaspace       used 47694K, capacity 49268K, committed 49408K, reserved 1091584K
  class space    used 5988K, capacity 6641K, committed 6656K, reserved 1048576K
}
Event: 12.398 GC heap before
{Heap before GC invocations=63 (full 2):
 def new generation   total 12992K, used 12992K [0x00000000f0a00000, 0x00000000f1810000, 0x00000000f5c00000)
  eden space 11584K, 100% used [0x00000000f0a00000, 0x00000000f1550000, 0x00000000f1550000)
  from space 1408K, 100% used [0x00000000f1550000, 0x00000000f16b0000, 0x00000000f16b0000)
  to   space 1408K,   0% used [0x00000000f16b0000, 0x00000000f16b0000, 0x00000000f1810000)
 tenured generation   total 28700K, used 26164K [0x00000000f5c00000, 0x00000000f7807000, 0x0000000100000000)
   the space 28700K,  91% used [0x00000000f5c00000, 0x00000000f758d3a0, 0x00000000f758d400, 0x00000000f7807000)
 Metaspace       used 47919K, capacity 49496K, committed 49664K, reserved 1091584K
  class space    used 6004K, capacity 6646K, committed 6656K, reserved 1048576K
}
Event: 12.426 GC heap after
{Heap after GC invocations=64 (full 2):
 def new generation   total 12992K, used 658K [0x00000000f0a00000, 0x00000000f1810000, 0x00000000f5c00000)
  eden space 11584K,   0% used [0x00000000f0a00000, 0x00000000f0a00000, 0x00000000f1550000)
  from space 1408K,  46% used [0x00000000f16b0000, 0x00000000f1754bc0, 0x00000000f1810000)
  to   space 1408K,   0% used [0x00000000f1550000, 0x00000000f1550000, 0x00000000f16b0000)
 tenured generation   total 28700K, used 27567K [0x00000000f5c00000, 0x00000000f7807000, 0x0000000100000000)
   the space 28700K,  96% used [0x00000000f5c00000, 0x00000000f76ebc90, 0x00000000f76ebe00, 0x00000000f7807000)
 Metaspace       used 47919K, capacity 49496K, committed 49664K, reserved 1091584K
  class space    used 6004K, capacity 6646K, committed 6656K, reserved 1048576K
}
Event: 13.317 GC heap before
{Heap before GC invocations=64 (full 2):
 def new generation   total 12992K, used 12242K [0x00000000f0a00000, 0x00000000f1810000, 0x00000000f5c00000)
  eden space 11584K,  99% used [0x00000000f0a00000, 0x00000000f154ffe8, 0x00000000f1550000)
  from space 1408K,  46% used [0x00000000f16b0000, 0x00000000f1754bc0, 0x00000000f1810000)
  to   space 1408K,   0% used [0x00000000f1550000, 0x00000000f1550000, 0x00000000f16b0000)
 tenured generation   total 28700K, used 27567K [0x00000000f5c00000, 0x00000000f7807000, 0x0000000100000000)
   the space 28700K,  96% used [0x00000000f5c00000, 0x00000000f76ebc90, 0x00000000f76ebe00, 0x00000000f7807000)
 Metaspace       used 48181K, capacity 49733K, committed 50048K, reserved 1093632K
  class space    used 6044K, capacity 6682K, committed 6784K, reserved 1048576K
}
Event: 13.346 GC heap after
{Heap after GC invocations=65 (full 2):
 def new generation   total 12992K, used 1310K [0x00000000f0a00000, 0x00000000f1810000, 0x00000000f5c00000)
  eden space 11584K,   0% used [0x00000000f0a00000, 0x00000000f0a00000, 0x00000000f1550000)
  from space 1408K,  93% used [0x00000000f1550000, 0x00000000f1697a40, 0x00000000f16b0000)
  to   space 1408K,   0% used [0x00000000f16b0000, 0x00000000f16b0000, 0x00000000f1810000)
 tenured generation   total 28700K, used 27567K [0x00000000f5c00000, 0x00000000f7807000, 0x0000000100000000)
   the space 28700K,  96% used [0x00000000f5c00000, 0x00000000f76ebc90, 0x00000000f76ebe00, 0x00000000f7807000)
 Metaspace       used 48181K, capacity 49733K, committed 50048K, reserved 1093632K
  class space    used 6044K, capacity 6682K, committed 6784K, reserved 1048576K
}
Event: 15.904 GC heap before
{Heap before GC invocations=65 (full 2):
 def new generation   total 12992K, used 12894K [0x00000000f0a00000, 0x00000000f1810000, 0x00000000f5c00000)
  eden space 11584K, 100% used [0x00000000f0a00000, 0x00000000f1550000, 0x00000000f1550000)
  from space 1408K,  93% used [0x00000000f1550000, 0x00000000f1697a40, 0x00000000f16b0000)
  to   space 1408K,   0% used [0x00000000f16b0000, 0x00000000f16b0000, 0x00000000f1810000)
 tenured generation   total 28700K, used 27567K [0x00000000f5c00000, 0x00000000f7807000, 0x0000000100000000)
   the space 28700K,  96% used [0x00000000f5c00000, 0x00000000f76ebc90, 0x00000000f76ebe00, 0x00000000f7807000)
 Metaspace       used 48952K, capacity 50515K, committed 50816K, reserved 1093632K
  class space    used 6136K, capacity 6752K, committed 6784K, reserved 1048576K
}
Event: 15.921 GC heap after
{Heap after GC invocations=66 (full 2):
 def new generation   total 12992K, used 1407K [0x00000000f0a00000, 0x00000000f1810000, 0x00000000f5c00000)
  eden space 11584K,   0% used [0x00000000f0a00000, 0x00000000f0a00000, 0x00000000f1550000)
  from space 1408K,  99% used [0x00000000f16b0000, 0x00000000f180fff8, 0x00000000f1810000)
  to   space 1408K,   0% used [0x00000000f1550000, 0x00000000f1550000, 0x00000000f16b0000)
 tenured generation   total 28700K, used 28572K [0x00000000f5c00000, 0x00000000f7807000, 0x0000000100000000)
   the space 28700K,  99% used [0x00000000f5c00000, 0x00000000f77e7020, 0x00000000f77e7200, 0x00000000f7807000)
 Metaspace       used 48952K, capacity 50515K, committed 50816K, reserved 1093632K
  class space    used 6136K, capacity 6752K, committed 6784K, reserved 1048576K
}
Event: 16.317 GC heap before
{Heap before GC invocations=66 (full 2):
 def new generation   total 12992K, used 12991K [0x00000000f0a00000, 0x00000000f1810000, 0x00000000f5c00000)
  eden space 11584K, 100% used [0x00000000f0a00000, 0x00000000f1550000, 0x00000000f1550000)
  from space 1408K,  99% used [0x00000000f16b0000, 0x00000000f180fff8, 0x00000000f1810000)
  to   space 1408K,   0% used [0x00000000f1550000, 0x00000000f1550000, 0x00000000f16b0000)
 tenured generation   total 28700K, used 28572K [0x00000000f5c00000, 0x00000000f7807000, 0x0000000100000000)
   the space 28700K,  99% used [0x00000000f5c00000, 0x00000000f77e7020, 0x00000000f77e7200, 0x00000000f7807000)
 Metaspace       used 50740K, capacity 52349K, committed 52608K, reserved 1095680K
  class space    used 6386K, capacity 7022K, committed 7040K, reserved 1048576K
}

